app/build/intermediates/manifest_merge_blame_file/release/manifest-merger-blame-release-report.txt
1<?xml version="1.0" encoding="utf-8"?>
2<manifest xmlns:android="http://schemas.android.com/apk/res/android"
3    package="com.kiddolock.app"
4    android:versionCode="11"
5    android:versionName="1.3.4" >
6
7    <uses-sdk
8        android:minSdkVersion="26"
9        android:targetSdkVersion="34" />
10
11    <!-- Custom permission so only KiddoLock can send emergency broadcasts -->
12    <permission
12-->src\main\AndroidManifest.xml:6:5-8:47
13        android:name="com.kiddolock.app.ADMIN"
13-->src\main\AndroidManifest.xml:7:9-47
14        android:protectionLevel="signature" />
14-->src\main\AndroidManifest.xml:8:9-44
15
16    <uses-permission android:name="android.permission.INTERNET" />
16-->src\main\AndroidManifest.xml:10:5-67
16-->src\main\AndroidManifest.xml:10:22-64
17    <uses-permission android:name="android.permission.FOREGROUND_SERVICE" />
17-->src\main\AndroidManifest.xml:11:5-77
17-->src\main\AndroidManifest.xml:11:22-74
18    <uses-permission android:name="android.permission.POST_NOTIFICATIONS" />
18-->src\main\AndroidManifest.xml:12:5-77
18-->src\main\AndroidManifest.xml:12:22-74
19    <uses-permission android:name="android.permission.ACCESS_NETWORK_STATE" />
19-->src\main\AndroidManifest.xml:13:5-79
19-->src\main\AndroidManifest.xml:13:22-76
20    <uses-permission android:name="android.permission.FOREGROUND_SERVICE_SPECIAL_USE" />
20-->src\main\AndroidManifest.xml:14:5-89
20-->src\main\AndroidManifest.xml:14:22-86
21    <uses-permission android:name="android.permission.FOREGROUND_SERVICE_DATA_SYNC" />
21-->src\main\AndroidManifest.xml:15:5-87
21-->src\main\AndroidManifest.xml:15:22-84
22    <uses-permission android:name="android.permission.SYSTEM_ALERT_WINDOW" />
22-->src\main\AndroidManifest.xml:16:5-78
22-->src\main\AndroidManifest.xml:16:22-75
23    <uses-permission android:name="android.permission.VIBRATE" />
23-->src\main\AndroidManifest.xml:17:5-66
23-->src\main\AndroidManifest.xml:17:22-63
24    <uses-permission android:name="android.permission.REQUEST_IGNORE_BATTERY_OPTIMIZATIONS" />
24-->src\main\AndroidManifest.xml:18:5-95
24-->src\main\AndroidManifest.xml:18:22-92
25    <uses-permission android:name="android.permission.RECEIVE_BOOT_COMPLETED" />
25-->src\main\AndroidManifest.xml:19:5-81
25-->src\main\AndroidManifest.xml:19:22-78
26    <uses-permission android:name="android.permission.QUERY_ALL_PACKAGES" />
26-->src\main\AndroidManifest.xml:20:5-21:53
26-->src\main\AndroidManifest.xml:20:22-74
27    <uses-permission android:name="android.permission.PACKAGE_USAGE_STATS" />
27-->src\main\AndroidManifest.xml:22:5-23:47
27-->src\main\AndroidManifest.xml:22:22-75
28    <uses-permission android:name="android.permission.WAKE_LOCK" />
28-->[androidx.work:work-runtime:2.9.0] AndroidManifest.xml:23:5-68
28-->[androidx.work:work-runtime:2.9.0] AndroidManifest.xml:23:22-65
29
30    <permission
30-->[androidx.core:core:1.12.0] AndroidManifest.xml:22:5-24:47
31        android:name="com.kiddolock.app.DYNAMIC_RECEIVER_NOT_EXPORTED_PERMISSION"
31-->[androidx.core:core:1.12.0] AndroidManifest.xml:23:9-81
32        android:protectionLevel="signature" />
32-->[androidx.core:core:1.12.0] AndroidManifest.xml:24:9-44
33
34    <uses-permission android:name="com.kiddolock.app.DYNAMIC_RECEIVER_NOT_EXPORTED_PERMISSION" />
34-->[androidx.core:core:1.12.0] AndroidManifest.xml:26:5-97
34-->[androidx.core:core:1.12.0] AndroidManifest.xml:26:22-94
35
36    <application
36-->src\main\AndroidManifest.xml:25:5-140:19
37        android:name="com.kiddolock.app.KiddoLockApp"
37-->src\main\AndroidManifest.xml:26:9-37
38        android:allowBackup="true"
38-->src\main\AndroidManifest.xml:27:9-35
39        android:appComponentFactory="androidx.core.app.CoreComponentFactory"
39-->[androidx.core:core:1.12.0] AndroidManifest.xml:28:18-86
40        android:extractNativeLibs="false"
41        android:icon="@mipmap/ic_launcher"
41-->src\main\AndroidManifest.xml:28:9-43
42        android:label="@string/app_name"
42-->src\main\AndroidManifest.xml:29:9-41
43        android:roundIcon="@mipmap/ic_launcher_round"
43-->src\main\AndroidManifest.xml:30:9-54
44        android:supportsRtl="true"
44-->src\main\AndroidManifest.xml:31:9-35
45        android:theme="@style/Theme.KiddoLock" >
45-->src\main\AndroidManifest.xml:32:9-47
46
47        <!-- Device Admin Receiver (Anti-uninstall) -->
48        <receiver
48-->src\main\AndroidManifest.xml:36:9-50:20
49            android:name="com.kiddolock.app.receivers.KiddoDeviceAdminReceiver"
49-->src\main\AndroidManifest.xml:37:13-63
50            android:description="@string/device_admin_description"
50-->src\main\AndroidManifest.xml:38:13-67
51            android:exported="true"
51-->src\main\AndroidManifest.xml:41:13-36
52            android:label="@string/device_admin_label"
52-->src\main\AndroidManifest.xml:39:13-55
53            android:permission="android.permission.BIND_DEVICE_ADMIN" >
53-->src\main\AndroidManifest.xml:40:13-70
54            <meta-data
54-->src\main\AndroidManifest.xml:42:13-44:56
55                android:name="android.app.device_admin"
55-->src\main\AndroidManifest.xml:43:17-56
56                android:resource="@xml/device_admin" />
56-->src\main\AndroidManifest.xml:44:17-53
57
58            <intent-filter>
58-->src\main\AndroidManifest.xml:45:13-49:29
59                <action android:name="android.app.action.DEVICE_ADMIN_ENABLED" />
59-->src\main\AndroidManifest.xml:46:17-82
59-->src\main\AndroidManifest.xml:46:25-79
60                <action android:name="android.app.action.PROFILE_PROVISIONING_COMPLETE" />
60-->src\main\AndroidManifest.xml:47:17-90
60-->src\main\AndroidManifest.xml:47:25-88
61                <action android:name="android.intent.action.BOOT_COMPLETED" />
61-->src\main\AndroidManifest.xml:48:17-78
61-->src\main\AndroidManifest.xml:48:25-76
62            </intent-filter>
63        </receiver>
64
65        <!-- Boot Receiver -->
66        <receiver
66-->src\main\AndroidManifest.xml:53:9-62:20
67            android:name="com.kiddolock.app.receivers.BootReceiver"
67-->src\main\AndroidManifest.xml:54:13-51
68            android:directBootAware="true"
68-->src\main\AndroidManifest.xml:56:13-43
69            android:exported="true" >
69-->src\main\AndroidManifest.xml:55:13-36
70            <intent-filter>
70-->src\main\AndroidManifest.xml:57:13-61:29
71                <action android:name="android.intent.action.BOOT_COMPLETED" />
71-->src\main\AndroidManifest.xml:48:17-78
71-->src\main\AndroidManifest.xml:48:25-76
72                <action android:name="android.intent.action.LOCKED_BOOT_COMPLETED" />
72-->src\main\AndroidManifest.xml:59:17-86
72-->src\main\AndroidManifest.xml:59:25-83
73                <action android:name="android.intent.action.QUICKBOOT_POWERON" />
73-->src\main\AndroidManifest.xml:60:17-82
73-->src\main\AndroidManifest.xml:60:25-79
74            </intent-filter>
75        </receiver>
76
77        <!-- Accessibility Service (App Blocking + Time Enforcement) -->
78        <service
78-->src\main\AndroidManifest.xml:65:9-76:19
79            android:name="com.kiddolock.app.services.KiddoLockAccessibilityService"
79-->src\main\AndroidManifest.xml:66:13-67
80            android:exported="true"
80-->src\main\AndroidManifest.xml:69:13-36
81            android:foregroundServiceType="dataSync"
81-->src\main\AndroidManifest.xml:68:13-53
82            android:permission="android.permission.BIND_ACCESSIBILITY_SERVICE" >
82-->src\main\AndroidManifest.xml:67:13-79
83            <intent-filter>
83-->src\main\AndroidManifest.xml:70:13-72:29
84                <action android:name="android.accessibilityservice.AccessibilityService" />
84-->src\main\AndroidManifest.xml:71:17-92
84-->src\main\AndroidManifest.xml:71:25-89
85            </intent-filter>
86
87            <meta-data
87-->src\main\AndroidManifest.xml:73:13-75:72
88                android:name="android.accessibilityservice"
88-->src\main\AndroidManifest.xml:74:17-60
89                android:resource="@xml/accessibility_service_config" />
89-->src\main\AndroidManifest.xml:75:17-69
90        </service>
91
92        <!-- Main Dashboard -->
93        <activity
93-->src\main\AndroidManifest.xml:79:9-86:20
94            android:name="com.kiddolock.app.MainActivity"
94-->src\main\AndroidManifest.xml:80:13-41
95            android:exported="true" >
95-->src\main\AndroidManifest.xml:81:13-36
96            <intent-filter>
96-->src\main\AndroidManifest.xml:82:13-85:29
97                <action android:name="android.intent.action.MAIN" />
97-->src\main\AndroidManifest.xml:83:17-69
97-->src\main\AndroidManifest.xml:83:25-66
98
99                <category android:name="android.intent.category.LAUNCHER" />
99-->src\main\AndroidManifest.xml:84:17-77
99-->src\main\AndroidManifest.xml:84:27-74
100            </intent-filter>
101        </activity>
102
103        <!-- Setup Wizard -->
104        <activity
104-->src\main\AndroidManifest.xml:89:9-93:54
105            android:name="com.kiddolock.app.ui.SetupActivity"
105-->src\main\AndroidManifest.xml:90:13-45
106            android:exported="true"
106-->src\main\AndroidManifest.xml:91:13-36
107            android:label="הגדרות ראשוניות"
107-->src\main\AndroidManifest.xml:92:13-44
108            android:theme="@style/Theme.KiddoLock" />
108-->src\main\AndroidManifest.xml:93:13-51
109
110        <!-- Admin Dashboard -->
111        <activity
111-->src\main\AndroidManifest.xml:96:9-100:54
112            android:name="com.kiddolock.app.ui.AdminActivity"
112-->src\main\AndroidManifest.xml:97:13-45
113            android:exported="false"
113-->src\main\AndroidManifest.xml:98:13-37
114            android:screenOrientation="portrait"
114-->src\main\AndroidManifest.xml:99:13-49
115            android:theme="@style/Theme.KiddoLock" />
115-->src\main\AndroidManifest.xml:100:13-51
116
117        <!-- Admin PIN -->
118        <activity
118-->src\main\AndroidManifest.xml:103:9-106:54
119            android:name="com.kiddolock.app.ui.ParentInsightsActivity"
119-->src\main\AndroidManifest.xml:104:13-54
120            android:label="@string/weekly_report_channel_name"
120-->src\main\AndroidManifest.xml:105:13-63
121            android:theme="@style/Theme.KiddoLock" />
121-->src\main\AndroidManifest.xml:106:13-51
122        <activity
122-->src\main\AndroidManifest.xml:108:9-113:58
123            android:name="com.kiddolock.app.ui.AdminPinActivity"
123-->src\main\AndroidManifest.xml:109:13-48
124            android:exported="false"
124-->src\main\AndroidManifest.xml:110:13-37
125            android:label="אימות מנהל"
125-->src\main\AndroidManifest.xml:111:13-39
126            android:theme="@style/Theme.KiddoLock"
126-->src\main\AndroidManifest.xml:112:13-51
127            android:windowSoftInputMode="stateVisible" />
127-->src\main\AndroidManifest.xml:113:13-55
128        <activity
128-->src\main\AndroidManifest.xml:118:9-122:54
129            android:name="com.kiddolock.app.ui.HelpActivity"
129-->src\main\AndroidManifest.xml:119:13-44
130            android:exported="false"
130-->src\main\AndroidManifest.xml:120:13-37
131            android:label="עזרה ואודות"
131-->src\main\AndroidManifest.xml:121:13-40
132            android:theme="@style/Theme.KiddoLock" />
132-->src\main\AndroidManifest.xml:122:13-51
133
134        <!-- Emergency Receiver -->
135        <receiver
135-->src\main\AndroidManifest.xml:125:9-133:20
136            android:name="com.kiddolock.app.receivers.EmergencyReceiver"
136-->src\main\AndroidManifest.xml:126:13-56
137            android:exported="false" >
137-->src\main\AndroidManifest.xml:127:13-37
138            <intent-filter>
138-->src\main\AndroidManifest.xml:128:13-132:29
139                <action android:name="com.kiddolock.app.EMERGENCY_UNLOCK" />
139-->src\main\AndroidManifest.xml:129:17-77
139-->src\main\AndroidManifest.xml:129:25-74
140                <action android:name="com.kiddolock.app.EMERGENCY_DISABLE" />
140-->src\main\AndroidManifest.xml:130:17-78
140-->src\main\AndroidManifest.xml:130:25-75
141                <action android:name="com.kiddolock.app.EMERGENCY_UNINSTALL" />
141-->src\main\AndroidManifest.xml:131:17-80
141-->src\main\AndroidManifest.xml:131:25-77
142            </intent-filter>
143        </receiver>
144
145        <!-- Block Overlay Service -->
146        <service
146-->src\main\AndroidManifest.xml:136:9-138:40
147            android:name="com.kiddolock.app.ui.OverlayService"
147-->src\main\AndroidManifest.xml:137:13-46
148            android:exported="false" />
148-->src\main\AndroidManifest.xml:138:13-37
149
150        <provider
150-->[androidx.emoji2:emoji2:1.2.0] AndroidManifest.xml:24:9-32:20
151            android:name="androidx.startup.InitializationProvider"
151-->[androidx.emoji2:emoji2:1.2.0] AndroidManifest.xml:25:13-67
152            android:authorities="com.kiddolock.app.androidx-startup"
152-->[androidx.emoji2:emoji2:1.2.0] AndroidManifest.xml:26:13-68
153            android:exported="false" >
153-->[androidx.emoji2:emoji2:1.2.0] AndroidManifest.xml:27:13-37
154            <meta-data
154-->[androidx.emoji2:emoji2:1.2.0] AndroidManifest.xml:29:13-31:52
155                android:name="androidx.emoji2.text.EmojiCompatInitializer"
155-->[androidx.emoji2:emoji2:1.2.0] AndroidManifest.xml:30:17-75
156                android:value="androidx.startup" />
156-->[androidx.emoji2:emoji2:1.2.0] AndroidManifest.xml:31:17-49
157            <meta-data
157-->[androidx.work:work-runtime:2.9.0] AndroidManifest.xml:34:13-36:52
158                android:name="androidx.work.WorkManagerInitializer"
158-->[androidx.work:work-runtime:2.9.0] AndroidManifest.xml:35:17-68
159                android:value="androidx.startup" />
159-->[androidx.work:work-runtime:2.9.0] AndroidManifest.xml:36:17-49
160            <meta-data
160-->[androidx.lifecycle:lifecycle-process:2.7.0] AndroidManifest.xml:29:13-31:52
161                android:name="androidx.lifecycle.ProcessLifecycleInitializer"
161-->[androidx.lifecycle:lifecycle-process:2.7.0] AndroidManifest.xml:30:17-78
162                android:value="androidx.startup" />
162-->[androidx.lifecycle:lifecycle-process:2.7.0] AndroidManifest.xml:31:17-49
163            <meta-data
163-->[androidx.profileinstaller:profileinstaller:1.3.0] AndroidManifest.xml:29:13-31:52
164                android:name="androidx.profileinstaller.ProfileInstallerInitializer"
164-->[androidx.profileinstaller:profileinstaller:1.3.0] AndroidManifest.xml:30:17-85
165                android:value="androidx.startup" />
165-->[androidx.profileinstaller:profileinstaller:1.3.0] AndroidManifest.xml:31:17-49
166        </provider>
167
168        <service
168-->[androidx.work:work-runtime:2.9.0] AndroidManifest.xml:39:9-45:35
169            android:name="androidx.work.impl.background.systemalarm.SystemAlarmService"
169-->[androidx.work:work-runtime:2.9.0] AndroidManifest.xml:40:13-88
170            android:directBootAware="false"
170-->[androidx.work:work-runtime:2.9.0] AndroidManifest.xml:41:13-44
171            android:enabled="@bool/enable_system_alarm_service_default"
171-->[androidx.work:work-runtime:2.9.0] AndroidManifest.xml:42:13-72
172            android:exported="false" />
172-->[androidx.work:work-runtime:2.9.0] AndroidManifest.xml:43:13-37
173        <service
173-->[androidx.work:work-runtime:2.9.0] AndroidManifest.xml:46:9-52:35
174            android:name="androidx.work.impl.background.systemjob.SystemJobService"
174-->[androidx.work:work-runtime:2.9.0] AndroidManifest.xml:47:13-84
175            android:directBootAware="false"
175-->[androidx.work:work-runtime:2.9.0] AndroidManifest.xml:48:13-44
176            android:enabled="@bool/enable_system_job_service_default"
176-->[androidx.work:work-runtime:2.9.0] AndroidManifest.xml:49:13-70
177            android:exported="true"
177-->[androidx.work:work-runtime:2.9.0] AndroidManifest.xml:50:13-36
178            android:permission="android.permission.BIND_JOB_SERVICE" />
178-->[androidx.work:work-runtime:2.9.0] AndroidManifest.xml:51:13-69
179        <service
179-->[androidx.work:work-runtime:2.9.0] AndroidManifest.xml:53:9-59:35
180            android:name="androidx.work.impl.foreground.SystemForegroundService"
180-->[androidx.work:work-runtime:2.9.0] AndroidManifest.xml:54:13-81
181            android:directBootAware="false"
181-->[androidx.work:work-runtime:2.9.0] AndroidManifest.xml:55:13-44
182            android:enabled="@bool/enable_system_foreground_service_default"
182-->[androidx.work:work-runtime:2.9.0] AndroidManifest.xml:56:13-77
183            android:exported="false" />
183-->[androidx.work:work-runtime:2.9.0] AndroidManifest.xml:57:13-37
184
185        <receiver
185-->[androidx.work:work-runtime:2.9.0] AndroidManifest.xml:61:9-66:35
186            android:name="androidx.work.impl.utils.ForceStopRunnable$BroadcastReceiver"
186-->[androidx.work:work-runtime:2.9.0] AndroidManifest.xml:62:13-88
187            android:directBootAware="false"
187-->[androidx.work:work-runtime:2.9.0] AndroidManifest.xml:63:13-44
188            android:enabled="true"
188-->[androidx.work:work-runtime:2.9.0] AndroidManifest.xml:64:13-35
189            android:exported="false" />
189-->[androidx.work:work-runtime:2.9.0] AndroidManifest.xml:65:13-37
190        <receiver
190-->[androidx.work:work-runtime:2.9.0] AndroidManifest.xml:67:9-77:20
191            android:name="androidx.work.impl.background.systemalarm.ConstraintProxy$BatteryChargingProxy"
191-->[androidx.work:work-runtime:2.9.0] AndroidManifest.xml:68:13-106
192            android:directBootAware="false"
192-->[androidx.work:work-runtime:2.9.0] AndroidManifest.xml:69:13-44
193            android:enabled="false"
193-->[androidx.work:work-runtime:2.9.0] AndroidManifest.xml:70:13-36
194            android:exported="false" >
194-->[androidx.work:work-runtime:2.9.0] AndroidManifest.xml:71:13-37
195            <intent-filter>
195-->[androidx.work:work-runtime:2.9.0] AndroidManifest.xml:73:13-76:29
196                <action android:name="android.intent.action.ACTION_POWER_CONNECTED" />
196-->[androidx.work:work-runtime:2.9.0] AndroidManifest.xml:74:17-87
196-->[androidx.work:work-runtime:2.9.0] AndroidManifest.xml:74:25-84
197                <action android:name="android.intent.action.ACTION_POWER_DISCONNECTED" />
197-->[androidx.work:work-runtime:2.9.0] AndroidManifest.xml:75:17-90
197-->[androidx.work:work-runtime:2.9.0] AndroidManifest.xml:75:25-87
198            </intent-filter>
199        </receiver>
200        <receiver
200-->[androidx.work:work-runtime:2.9.0] AndroidManifest.xml:78:9-88:20
201            android:name="androidx.work.impl.background.systemalarm.ConstraintProxy$BatteryNotLowProxy"
201-->[androidx.work:work-runtime:2.9.0] AndroidManifest.xml:79:13-104
202            android:directBootAware="false"
202-->[androidx.work:work-runtime:2.9.0] AndroidManifest.xml:80:13-44
203            android:enabled="false"
203-->[androidx.work:work-runtime:2.9.0] AndroidManifest.xml:81:13-36
204            android:exported="false" >
204-->[androidx.work:work-runtime:2.9.0] AndroidManifest.xml:82:13-37
205            <intent-filter>
205-->[androidx.work:work-runtime:2.9.0] AndroidManifest.xml:84:13-87:29
206                <action android:name="android.intent.action.BATTERY_OKAY" />
206-->[androidx.work:work-runtime:2.9.0] AndroidManifest.xml:85:17-77
206-->[androidx.work:work-runtime:2.9.0] AndroidManifest.xml:85:25-74
207                <action android:name="android.intent.action.BATTERY_LOW" />
207-->[androidx.work:work-runtime:2.9.0] AndroidManifest.xml:86:17-76
207-->[androidx.work:work-runtime:2.9.0] AndroidManifest.xml:86:25-73
208            </intent-filter>
209        </receiver>
210        <receiver
210-->[androidx.work:work-runtime:2.9.0] AndroidManifest.xml:89:9-99:20
211            android:name="androidx.work.impl.background.systemalarm.ConstraintProxy$StorageNotLowProxy"
211-->[androidx.work:work-runtime:2.9.0] AndroidManifest.xml:90:13-104
212            android:directBootAware="false"
212-->[androidx.work:work-runtime:2.9.0] AndroidManifest.xml:91:13-44
213            android:enabled="false"
213-->[androidx.work:work-runtime:2.9.0] AndroidManifest.xml:92:13-36
214            android:exported="false" >
214-->[androidx.work:work-runtime:2.9.0] AndroidManifest.xml:93:13-37
215            <intent-filter>
215-->[androidx.work:work-runtime:2.9.0] AndroidManifest.xml:95:13-98:29
216                <action android:name="android.intent.action.DEVICE_STORAGE_LOW" />
216-->[androidx.work:work-runtime:2.9.0] AndroidManifest.xml:96:17-83
216-->[androidx.work:work-runtime:2.9.0] AndroidManifest.xml:96:25-80
217                <action android:name="android.intent.action.DEVICE_STORAGE_OK" />
217-->[androidx.work:work-runtime:2.9.0] AndroidManifest.xml:97:17-82
217-->[androidx.work:work-runtime:2.9.0] AndroidManifest.xml:97:25-79
218            </intent-filter>
219        </receiver>
220        <receiver
220-->[androidx.work:work-runtime:2.9.0] AndroidManifest.xml:100:9-109:20
221            android:name="androidx.work.impl.background.systemalarm.ConstraintProxy$NetworkStateProxy"
221-->[androidx.work:work-runtime:2.9.0] AndroidManifest.xml:101:13-103
222            android:directBootAware="false"
222-->[androidx.work:work-runtime:2.9.0] AndroidManifest.xml:102:13-44
223            android:enabled="false"
223-->[androidx.work:work-runtime:2.9.0] AndroidManifest.xml:103:13-36
224            android:exported="false" >
224-->[androidx.work:work-runtime:2.9.0] AndroidManifest.xml:104:13-37
225            <intent-filter>
225-->[androidx.work:work-runtime:2.9.0] AndroidManifest.xml:106:13-108:29
226                <action android:name="android.net.conn.CONNECTIVITY_CHANGE" />
226-->[androidx.work:work-runtime:2.9.0] AndroidManifest.xml:107:17-79
226-->[androidx.work:work-runtime:2.9.0] AndroidManifest.xml:107:25-76
227            </intent-filter>
228        </receiver>
229        <receiver
229-->[androidx.work:work-runtime:2.9.0] AndroidManifest.xml:110:9-121:20
230            android:name="androidx.work.impl.background.systemalarm.RescheduleReceiver"
230-->[androidx.work:work-runtime:2.9.0] AndroidManifest.xml:111:13-88
231            android:directBootAware="false"
231-->[androidx.work:work-runtime:2.9.0] AndroidManifest.xml:112:13-44
232            android:enabled="false"
232-->[androidx.work:work-runtime:2.9.0] AndroidManifest.xml:113:13-36
233            android:exported="false" >
233-->[androidx.work:work-runtime:2.9.0] AndroidManifest.xml:114:13-37
234            <intent-filter>
234-->[androidx.work:work-runtime:2.9.0] AndroidManifest.xml:116:13-120:29
235                <action android:name="android.intent.action.BOOT_COMPLETED" />
235-->src\main\AndroidManifest.xml:48:17-78
235-->src\main\AndroidManifest.xml:48:25-76
236                <action android:name="android.intent.action.TIME_SET" />
236-->[androidx.work:work-runtime:2.9.0] AndroidManifest.xml:118:17-73
236-->[androidx.work:work-runtime:2.9.0] AndroidManifest.xml:118:25-70
237                <action android:name="android.intent.action.TIMEZONE_CHANGED" />
237-->[androidx.work:work-runtime:2.9.0] AndroidManifest.xml:119:17-81
237-->[androidx.work:work-runtime:2.9.0] AndroidManifest.xml:119:25-78
238            </intent-filter>
239        </receiver>
240        <receiver
240-->[androidx.work:work-runtime:2.9.0] AndroidManifest.xml:122:9-131:20
241            android:name="androidx.work.impl.background.systemalarm.ConstraintProxyUpdateReceiver"
241-->[androidx.work:work-runtime:2.9.0] AndroidManifest.xml:123:13-99
242            android:directBootAware="false"
242-->[androidx.work:work-runtime:2.9.0] AndroidManifest.xml:124:13-44
243            android:enabled="@bool/enable_system_alarm_service_default"
243-->[androidx.work:work-runtime:2.9.0] AndroidManifest.xml:125:13-72
244            android:exported="false" >
244-->[androidx.work:work-runtime:2.9.0] AndroidManifest.xml:126:13-37
245            <intent-filter>
245-->[androidx.work:work-runtime:2.9.0] AndroidManifest.xml:128:13-130:29
246                <action android:name="androidx.work.impl.background.systemalarm.UpdateProxies" />
246-->[androidx.work:work-runtime:2.9.0] AndroidManifest.xml:129:17-98
246-->[androidx.work:work-runtime:2.9.0] AndroidManifest.xml:129:25-95
247            </intent-filter>
248        </receiver>
249        <receiver
249-->[androidx.work:work-runtime:2.9.0] AndroidManifest.xml:132:9-142:20
250            android:name="androidx.work.impl.diagnostics.DiagnosticsReceiver"
250-->[androidx.work:work-runtime:2.9.0] AndroidManifest.xml:133:13-78
251            android:directBootAware="false"
251-->[androidx.work:work-runtime:2.9.0] AndroidManifest.xml:134:13-44
252            android:enabled="true"
252-->[androidx.work:work-runtime:2.9.0] AndroidManifest.xml:135:13-35
253            android:exported="true"
253-->[androidx.work:work-runtime:2.9.0] AndroidManifest.xml:136:13-36
254            android:permission="android.permission.DUMP" >
254-->[androidx.work:work-runtime:2.9.0] AndroidManifest.xml:137:13-57
255            <intent-filter>
255-->[androidx.work:work-runtime:2.9.0] AndroidManifest.xml:139:13-141:29
256                <action android:name="androidx.work.diagnostics.REQUEST_DIAGNOSTICS" />
256-->[androidx.work:work-runtime:2.9.0] AndroidManifest.xml:140:17-88
256-->[androidx.work:work-runtime:2.9.0] AndroidManifest.xml:140:25-85
257            </intent-filter>
258        </receiver>
259
260        <service
260-->[androidx.room:room-runtime:2.5.0] AndroidManifest.xml:24:9-28:63
261            android:name="androidx.room.MultiInstanceInvalidationService"
261-->[androidx.room:room-runtime:2.5.0] AndroidManifest.xml:25:13-74
262            android:directBootAware="true"
262-->[androidx.room:room-runtime:2.5.0] AndroidManifest.xml:26:13-43
263            android:exported="false" />
263-->[androidx.room:room-runtime:2.5.0] AndroidManifest.xml:27:13-37
264
265        <receiver
265-->[androidx.profileinstaller:profileinstaller:1.3.0] AndroidManifest.xml:34:9-52:20
266            android:name="androidx.profileinstaller.ProfileInstallReceiver"
266-->[androidx.profileinstaller:profileinstaller:1.3.0] AndroidManifest.xml:35:13-76
267            android:directBootAware="false"
267-->[androidx.profileinstaller:profileinstaller:1.3.0] AndroidManifest.xml:36:13-44
268            android:enabled="true"
268-->[androidx.profileinstaller:profileinstaller:1.3.0] AndroidManifest.xml:37:13-35
269            android:exported="true"
269-->[androidx.profileinstaller:profileinstaller:1.3.0] AndroidManifest.xml:38:13-36
270            android:permission="android.permission.DUMP" >
270-->[androidx.profileinstaller:profileinstaller:1.3.0] AndroidManifest.xml:39:13-57
271            <intent-filter>
271-->[androidx.profileinstaller:profileinstaller:1.3.0] AndroidManifest.xml:40:13-42:29
272                <action android:name="androidx.profileinstaller.action.INSTALL_PROFILE" />
272-->[androidx.profileinstaller:profileinstaller:1.3.0] AndroidManifest.xml:41:17-91
272-->[androidx.profileinstaller:profileinstaller:1.3.0] AndroidManifest.xml:41:25-88
273            </intent-filter>
274            <intent-filter>
274-->[androidx.profileinstaller:profileinstaller:1.3.0] AndroidManifest.xml:43:13-45:29
275                <action android:name="androidx.profileinstaller.action.SKIP_FILE" />
275-->[androidx.profileinstaller:profileinstaller:1.3.0] AndroidManifest.xml:44:17-85
275-->[androidx.profileinstaller:profileinstaller:1.3.0] AndroidManifest.xml:44:25-82
276            </intent-filter>
277            <intent-filter>
277-->[androidx.profileinstaller:profileinstaller:1.3.0] AndroidManifest.xml:46:13-48:29
278                <action android:name="androidx.profileinstaller.action.SAVE_PROFILE" />
278-->[androidx.profileinstaller:profileinstaller:1.3.0] AndroidManifest.xml:47:17-88
278-->[androidx.profileinstaller:profileinstaller:1.3.0] AndroidManifest.xml:47:25-85
279            </intent-filter>
280            <intent-filter>
280-->[androidx.profileinstaller:profileinstaller:1.3.0] AndroidManifest.xml:49:13-51:29
281                <action android:name="androidx.profileinstaller.action.BENCHMARK_OPERATION" />
281-->[androidx.profileinstaller:profileinstaller:1.3.0] AndroidManifest.xml:50:17-95
281-->[androidx.profileinstaller:profileinstaller:1.3.0] AndroidManifest.xml:50:25-92
282            </intent-filter>
283        </receiver>
284    </application>
285
286</manifest>